TN:
SF:lib/config.ts
FN:18,(anonymous_0)
FNF:1
FNH:1
FNDA:6,(anonymous_0)
DA:18,6
LF:1
LH:1
BRDA:19,0,0,6
BRDA:19,0,1,6
BRDA:20,1,0,6
BRDA:20,1,1,6
BRDA:22,2,0,6
BRDA:22,2,1,0
BRDA:23,3,0,6
BRDA:23,3,1,6
BRDA:26,4,0,6
BRDA:26,4,1,6
BRDA:31,5,0,6
BRDA:31,5,1,4
BRF:12
BRH:11
end_of_record
TN:
SF:lib/typescript-stack.ts
FN:23,(anonymous_6)
FNF:1
FNH:1
FNDA:3,(anonymous_6)
DA:1,1
DA:5,1
DA:6,1
DA:7,1
DA:10,1
DA:11,1
DA:12,1
DA:13,1
DA:14,1
DA:15,1
DA:16,1
DA:22,1
DA:24,3
DA:27,3
DA:33,3
DA:34,1
DA:38,2
DA:45,2
DA:51,2
DA:57,2
DA:60,2
DA:65,2
DA:66,2
DA:73,2
DA:79,2
DA:80,2
DA:81,2
DA:82,2
DA:83,1
DA:86,2
DA:107,2
DA:112,2
DA:113,1
DA:117,2
DA:129,2
DA:135,2
DA:138,2
DA:143,2
DA:148,2
DA:153,2
LF:40
LH:40
BRDA:33,0,0,1
BRDA:33,1,0,3
BRDA:33,1,1,1
BRDA:82,2,0,1
BRDA:112,3,0,1
BRF:5
BRH:5
end_of_record
TN:
SF:lib/constructs/custom-resource.ts
FN:15,(anonymous_6)
FNF:1
FNH:1
FNDA:2,(anonymous_6)
DA:1,1
DA:2,1
DA:4,1
DA:6,1
DA:14,1
DA:16,2
DA:19,2
DA:24,2
DA:25,2
DA:30,0
DA:34,2
DA:42,2
DA:47,2
DA:54,2
DA:56,2
DA:58,2
DA:59,2
DA:60,2
DA:62,2
LF:19
LH:18
BRDA:24,0,0,2
BRDA:24,0,1,0
BRDA:59,1,0,2
BRF:3
BRH:2
end_of_record
TN:
SF:lib/constructs/events.ts
FN:14,(anonymous_6)
FNF:1
FNH:1
FNDA:2,(anonymous_6)
DA:2,1
DA:3,1
DA:4,1
DA:13,1
DA:15,2
DA:17,2
DA:20,2
DA:36,2
DA:53,2
DA:54,2
LF:10
LH:10
BRF:0
BRH:0
end_of_record
TN:
SF:lib/constructs/grant-permissions-custom-resource.ts
FN:17,(anonymous_6)
FN:25,(anonymous_7)
FN:46,(anonymous_8)
FNF:3
FNH:3
FNDA:2,(anonymous_6)
FNDA:7,(anonymous_7)
FNDA:7,(anonymous_8)
DA:1,1
DA:4,1
DA:6,1
DA:16,1
DA:18,2
DA:21,2
DA:25,7
DA:29,2
DA:36,2
DA:43,2
DA:44,2
DA:45,2
DA:46,7
DA:49,2
DA:50,2
DA:51,2
DA:53,2
LF:17
LH:17
BRDA:50,0,0,2
BRF:1
BRH:1
end_of_record
TN:
SF:lib/constructs/lambda.ts
FN:26,(anonymous_6)
FNF:1
FNH:1
FNDA:2,(anonymous_6)
DA:1,1
DA:2,1
DA:3,1
DA:4,1
DA:5,1
DA:6,1
DA:16,1
DA:27,2
DA:30,2
DA:31,2
DA:32,2
DA:35,2
DA:49,2
DA:65,2
DA:71,2
DA:92,2
DA:99,2
DA:105,2
DA:106,1
DA:123,2
LF:20
LH:20
BRDA:105,0,0,1
BRDA:105,1,0,2
BRDA:105,1,1,1
BRF:3
BRH:3
end_of_record
TN:
SF:lib/constructs/state-machine.ts
FN:22,(anonymous_6)
FNF:1
FNH:1
FNDA:2,(anonymous_6)
DA:2,1
DA:3,1
DA:4,1
DA:17,1
DA:23,2
DA:31,2
DA:34,2
DA:39,2
DA:45,2
DA:52,2
DA:65,2
DA:68,2
DA:73,2
DA:74,1
DA:80,1
DA:84,2
LF:16
LH:16
BRDA:73,0,0,1
BRF:1
BRH:1
end_of_record
TN:
SF:lib/constructs/storage.ts
FN:18,(anonymous_6)
FNF:1
FNH:1
FNDA:2,(anonymous_6)
DA:1,1
DA:2,1
DA:3,1
DA:4,1
DA:13,1
DA:19,2
DA:21,2
DA:28,2
DA:35,2
LF:9
LH:9
BRF:0
BRH:0
end_of_record
